This is e-pTeX, Version 3.141592653-p3.9.0-210218-2.6 (utf8.sjis) (TeX Live 2021/W32TeX) (preloaded format=platex 2021.7.20)  27 JUL 2021 17:30
entering extended mode
 restricted \write18 enabled.
 %&-line parsing enabled.
**matplot.lib.tex
(./matplot.lib.tex
pLaTeX2e <2020-10-01>+2 (based on LaTeX2e <2020-10-01> patch level 4)
L3 programming layer <2021-02-18>
! Undefined control sequence.
l.1 \chapter
            {統計グラフ入門}
? 
! Emergency stop.
l.1 \chapter
            {統計グラフ入門}
End of file on the terminal!

 
Here is how much of TeX's memory you used:
 16 strings out of 479466
 323 string characters out of 5873881
 289224 words of memory out of 5000000
 17812 multiletter control sequences out of 15000+600000
 407301 words of font info for 44 fonts, out of 8000000 for 9000
 929 hyphenation exceptions out of 8191
 20i,0n,25p,74b,13s stack positions out of 5000i,500n,10000p,200000b,80000s
No pages of output.
